Arguments: 
  D:\nvm_node\node.js\node.exe D:\nvm_node\node.js\node_modules\yarn\bin\yarn.js add jol-player

PATH: 
  C:\Program Files\Java\jdk1.8.0_121\bin;C:\Windows\system32;C:\Windows;C:\Windows\System32\Wbem;C:\Windows\System32\WindowsPowerShell\v1.0\;C:\Windows\System32\OpenSSH\;D:\Java64\jdk-16\bin;D:\vscode-systemV\Microsoft VS Code\bin;D:\mysql64\Mysql\mysql-5.7.35-winx64\bin;D:\nvm_node\nvm;D:\nvm_node\node.js;D:\Program Files\ffmpeg\bin;D:\Program Files\Quick_Time\install\QTSystem\;C:\Program Files\Java\jdk1.8.0_121\bin;D:\Program Files\mingw64\bin;D:\tools_Git\Git\cmd;D:\Python\python3.5\Scripts;D:\Python\python3.5\;D:\Python\python2.7\Scripts;D:\Python\python2.7\;D:\Android\tools;D:\Android\platform-tools;C:\Users\bcygsws\AppData\Local\Microsoft\WindowsApps;D:\nvm_node\nvm;D:\nvm_node\node.js;D:\WebStorm2020\WebStorm 2020.3\bin;;D:\ideaIU-2020.3\IntelliJ IDEA 2020.3.1\bin;;

Yarn version: 
  1.22.11

Node version: 
  16.5.0

Platform: 
  win32 x64

Trace: 
  Error: ENOENT: no such file or directory, copyfile 'C:\Users\bcygsws\AppData\Local\Yarn\Cache\v6\npm-get-stream-4.1.0-c1b255575f3dc21d59bfc79cd3d2b46b1c3a54b5-integrity\node_modules\get-stream\buffer-stream.js' -> 'D:\Web-project\react-study02\node_modules\default-gateway\node_modules\get-stream\buffer-stream.js'

npm manifest: 
  {
    "name": "react-study02",
    "version": "1.0.0",
    "description": "",
    "main": "index.js",
    "scripts": {
      "test": "echo \"Error: no test specified\" && exit 1",
      "dev": "webpack-dev-server --open --port 3003 --hot",
      "pub": "webpack --mode production --config webpack.pub.config.js"
    },
    "keywords": [],
    "author": "",
    "license": "ISC",
    "dependencies": {
      "antd": "^3.26.19",
      "axios": "^0.21.1",
      "react": "^16.13.1",
      "react-dom": "^16.13.1",
      "react-loadable": "^5.5.0",
      "react-redux": "^7.2.2",
      "react-router-dom": "^5.2.0",
      "redux": "^4.1.0",
      "redux-thunk": "^2.3.0"
    },
    "devDependencies": {
      "@babel/core": "^7.13.14",
      "@babel/plugin-proposal-class-properties": "^7.13.0",
      "@babel/plugin-transform-runtime": "^7.13.15",
      "@babel/preset-env": "^7.13.15",
      "@babel/preset-react": "^7.13.13",
      "@babel/runtime-corejs2": "^7.13.10",
      "autoprefixer": "^9.7.2",
      "babel-loader": "^8.2.2",
      "babel-plugin-import": "^1.13.0",
      "clean-webpack-plugin": "^4.0.0",
      "compression-webpack-plugin": "^6.1.1",
      "css-loader": "^2.1.1",
      "file-loader": "^6.2.0",
      "html-loader": "^0.5.5",
      "html-webpack-plugin": "4.5.0",
      "image-webpack-loader": "^7.0.1",
      "less": "^4.1.2",
      "less-loader": "^7.3.0",
      "mini-css-extract-plugin": "^1.4.1",
      "node-sass": "^4.12.0",
      "nprogress": "^0.2.0",
      "optimize-css-assets-webpack-plugin": "^5.0.4",
      "postcss-loader": "^4.2.0",
      "prop-types": "^15.7.2",
      "sass-loader": "^7.1.0",
      "style-loader": "^0.23.1",
      "uglifyjs-webpack-plugin": "^2.2.0",
      "url-loader": "^4.1.1",
      "webpack": "4.43.0",
      "webpack-bundle-analyzer": "^4.4.0",
      "webpack-cli": "^3.3.11",
      "webpack-dev-server": "^3.11.3"
    }
  }

yarn manifest: 
  No manifest

Lockfile: 
  No lockfile
